<?xml version="1.0" encoding="UTF-8"?>
<!-- Generated by org.testng.reporters.JUnitReportReporter -->
<testsuite hostname="vishal-PC" failures="0" tests="1" name="TestClasses.ToVerifyBuy" time="32.122" errors="0" timestamp="2021-11-17T15:52:12 IST" skipped="0">
  <testcase classname="TestClasses.ToVerifyBuy" name="verifyBuy" time="32.122"/>
  <system-out/>
</testsuite> <!-- TestClasses.ToVerifyBuy -->
