<?xml version="1.0" encoding="UTF-8"?>
<!-- Generated by org.testng.reporters.JUnitReportReporter -->
<testsuite hostname="vishal-PC" failures="0" tests="2" name="TestClasses.toVerifyGrowwHomePage" time="59.839" errors="0" timestamp="2021-11-24T18:28:15 IST" skipped="0">
  <testcase classname="TestClasses.toVerifyGrowwHomePage" name="verifyInvestmentTab" time="29.842"/>
  <system-out/>
  <testcase classname="TestClasses.toVerifyGrowwHomePage" name="verifyBalance" time="29.997"/>
  <system-out/>
</testsuite> <!-- TestClasses.toVerifyGrowwHomePage -->
